
Thu May 30 2019 19:18:08 GMT+0530 (India Standard Time), error: insert into "login" ("email", "hash") values ($1, $2) returning "email" - duplicate key value violates unique constraint "login_email_key"
Thu May 30 2019 19:18:08 GMT+0530 (India Standard Time), Error: Transaction rejected with non-error: undefined
Thu May 30 2019 19:24:39 GMT+0530 (India Standard Time), error: insert into "login" ("email", "hash") values ($1, $2) returning "email" - duplicate key value violates unique constraint "login_email_key"
Thu May 30 2019 19:26:50 GMT+0530 (India Standard Time), error: insert into "login" ("email", "hash") values ($1, $2) returning "email" - duplicate key value violates unique constraint "login_email_key"
Thu May 30 2019 19:26:50 GMT+0530 (India Standard Time), Error: Transaction rejected with non-error: undefined
Thu May 30 2019 19:30:26 GMT+0530 (India Standard Time), error: insert into "login" ("email", "hash") values ($1, $2) returning "email" - duplicate key value violates unique constraint "login_email_key"
Thu May 30 2019 19:30:26 GMT+0530 (India Standard Time), Error: Transaction rejected with non-error: undefined
Thu May 30 2019 19:34:34 GMT+0530 (India Standard Time), error: insert into "login" ("email", "hash") values ($1, $2) returning "email" - duplicate key value violates unique constraint "login_email_key"
Thu May 30 2019 19:34:34 GMT+0530 (India Standard Time), Error: Transaction rejected with non-error: undefined
Thu May 30 2019 19:36:09 GMT+0530 (India Standard Time), error: insert into "login" ("email", "hash") values ($1, $2) returning "email" - duplicate key value violates unique constraint "login_email_key"
Thu May 30 2019 19:36:09 GMT+0530 (India Standard Time), Error: Transaction rejected with non-error: undefined
Thu May 30 2019 19:39:15 GMT+0530 (India Standard Time), error: insert into "login" ("email", "hash") values ($1, $2) returning "email" - duplicate key value violates unique constraint "login_email_key"
Thu May 30 2019 19:39:15 GMT+0530 (India Standard Time), Error: Transaction rejected with non-error: undefined
Thu May 30 2019 19:42:47 GMT+0530 (India Standard Time), Error: Transaction rejected with non-error: undefined
Thu May 30 2019 19:42:47 GMT+0530 (India Standard Time), error: insert into "login" ("email", "hash") values ($1, $2) returning "email" - duplicate key value violates unique constraint "login_email_key"
Thu May 30 2019 19:43:47 GMT+0530 (India Standard Time), error: insert into "login" ("email", "hash") values ($1, $2) returning "email" - duplicate key value violates unique constraint "login_email_key"
Thu May 30 2019 19:43:47 GMT+0530 (India Standard Time), Error: Transaction rejected with non-error: undefined
Thu May 30 2019 19:44:25 GMT+0530 (India Standard Time), error: insert into "login" ("email", "hash") values ($1, $2) returning "email" - duplicate key value violates unique constraint "login_email_key"
Thu May 30 2019 19:44:25 GMT+0530 (India Standard Time), Error: Transaction rejected with non-error: undefined
Thu May 30 2019 19:46:48 GMT+0530 (India Standard Time), Error: Transaction rejected with non-error: undefined
Thu May 30 2019 19:46:48 GMT+0530 (India Standard Time), error: insert into "login" ("email", "hash") values ($1, $2) returning "email" - duplicate key value violates unique constraint "login_email_key"
Thu May 30 2019 19:48:24 GMT+0530 (India Standard Time), error: insert into "login" ("email", "hash") values ($1, $2) returning "email" - duplicate key value violates unique constraint "login_email_key"
Thu May 30 2019 19:48:24 GMT+0530 (India Standard Time), Error: Transaction rejected with non-error: undefined
Thu May 30 2019 19:56:42 GMT+0530 (India Standard Time), error: insert into "login" ("email", "hash") values ($1, $2) returning "email" - duplicate key value violates unique constraint "login_email_key"
Thu May 30 2019 19:56:42 GMT+0530 (India Standard Time), Error: Transaction rejected with non-error: undefined
Thu May 30 2019 19:57:06 GMT+0530 (India Standard Time), error: insert into "login" ("email", "hash") values ($1, $2) returning "email" - duplicate key value violates unique constraint "login_email_key"
Thu May 30 2019 19:57:06 GMT+0530 (India Standard Time), Error: Transaction rejected with non-error: undefined
Thu May 30 2019 20:25:49 GMT+0530 (India Standard Time), error: insert into "login" ("email", "hash") values ($1, $2) returning "email" - duplicate key value violates unique constraint "login_email_key"
Thu May 30 2019 20:25:49 GMT+0530 (India Standard Time), Error: Transaction rejected with non-error: undefined
Thu May 30 2019 20:25:57 GMT+0530 (India Standard Time), error: insert into "login" ("email", "hash") values ($1, $2) returning "email" - duplicate key value violates unique constraint "login_email_key"
Thu May 30 2019 20:25:57 GMT+0530 (India Standard Time), Error: Transaction rejected with non-error: undefined
Thu May 30 2019 20:37:23 GMT+0530 (India Standard Time), error: insert into "login" ("email", "hash") values ($1, $2) returning "email" - duplicate key value violates unique constraint "login_email_key"
Thu May 30 2019 20:37:23 GMT+0530 (India Standard Time), Error: Transaction rejected with non-error: undefined
Sat Jun 01 2019 18:24:50 GMT+0530 (India Standard Time), Error: getaddrinfo EAI_AGAIN api.clarifai.com api.clarifai.com:443
Sat Jun 01 2019 19:41:24 GMT+0530 (India Standard Time), [object Object]
Sat Jun 01 2019 20:13:36 GMT+0530 (India Standard Time), error: insert into "login" ("email", "hash") values ($1, $2) returning "email" - duplicate key value violates unique constraint "login_email_key"
Sat Jun 01 2019 20:13:36 GMT+0530 (India Standard Time), error: insert into "login" ("email", "hash") values ($1, $2) returning "email" - duplicate key value violates unique constraint "login_email_key"
Sat Jun 01 2019 20:13:36 GMT+0530 (India Standard Time), Error: Transaction rejected with non-error: undefined
Sat Jun 01 2019 20:13:36 GMT+0530 (India Standard Time), Error: Transaction rejected with non-error: undefined
Sat Jun 01 2019 20:13:43 GMT+0530 (India Standard Time), error: insert into "login" ("email", "hash") values ($1, $2) returning "email" - duplicate key value violates unique constraint "login_email_key"
Sat Jun 01 2019 20:13:43 GMT+0530 (India Standard Time), Error: Transaction rejected with non-error: undefined
Sun Jun 02 2019 09:09:52 GMT+0530 (India Standard Time), error: insert into "login" ("email", "hash") values ($1, $2) returning "email" - duplicate key value violates unique constraint "login_email_key"
Sun Jun 02 2019 09:09:52 GMT+0530 (India Standard Time), Error: Transaction rejected with non-error: undefined
Sun Jun 02 2019 09:39:56 GMT+0530 (India Standard Time), error: insert into "login" ("email", "hash") values ($1, $2) returning "email" - duplicate key value violates unique constraint "login_email_key"
Sun Jun 02 2019 09:39:56 GMT+0530 (India Standard Time), Error: Transaction rejected with non-error: undefined
Sun Jun 02 2019 16:59:22 GMT+0530 (India Standard Time), error: insert into "login" ("email", "hash") values ($1, $2) returning "email" - duplicate key value violates unique constraint "login_email_key"
Sun Jun 02 2019 16:59:22 GMT+0530 (India Standard Time), Error: Transaction rejected with non-error: undefined
Sun Jun 02 2019 17:08:40 GMT+0530 (India Standard Time), error: insert into "login" ("email", "hash") values ($1, $2) returning "email" - duplicate key value violates unique constraint "login_email_key"
Sun Jun 02 2019 17:08:40 GMT+0530 (India Standard Time), Error: Transaction rejected with non-error: undefined
Mon Jun 03 2019 00:35:01 GMT+0530 (India Standard Time), error: insert into "login" ("email", "hash") values ($1, $2) returning "email" - duplicate key value violates unique constraint "login_email_key"
Mon Jun 03 2019 00:35:01 GMT+0530 (India Standard Time), Error: Transaction rejected with non-error: undefined